<?xml version="1.0" encoding="UTF-8"?>
<!-- Generated by org.testng.reporters.JUnitReportReporter -->
<testsuite skipped="0" hostname="DESKTOP-447TPO6" name="achievements.DBErrors" tests="6" failures="0" timestamp="2021-02-24T22:24:05 IST" time="6.119" errors="0">
  <testcase name="test4" time="0.443" classname="achievements.DBErrors"/>
  <system-out/>
  <testcase name="test5" time="0.885" classname="achievements.DBErrors"/>
  <system-out/>
  <testcase name="test2" time="1.156" classname="achievements.DBErrors"/>
  <system-out/>
  <testcase name="test3" time="0.868" classname="achievements.DBErrors"/>
  <system-out/>
  <testcase name="test1" time="1.659" classname="achievements.DBErrors"/>
  <system-out/>
  <testcase name="test6" time="1.108" classname="achievements.DBErrors"/>
  <system-out/>
</testsuite> <!-- achievements.DBErrors -->
