<?xml version="1.0" encoding="UTF-8"?>
<!-- Generated by org.testng.reporters.JUnitReportReporter -->
<testsuite skipped="0" hostname="DESKTOP-447TPO6" name="timersAndSweepers.SweeperInitiated" tests="3" failures="0" timestamp="2021-02-24T22:24:05 IST" time="3.780" errors="0">
  <testcase name="test1" time="1.395" classname="timersAndSweepers.SweeperInitiated"/>
  <system-out/>
  <testcase name="test2" time="1.039" classname="timersAndSweepers.SweeperInitiated"/>
  <system-out/>
  <testcase name="test3" time="1.346" classname="timersAndSweepers.SweeperInitiated"/>
  <system-out/>
</testsuite> <!-- timersAndSweepers.SweeperInitiated -->
