<?xml version="1.0" encoding="UTF-8"?>
<!-- Generated by org.testng.reporters.JUnitReportReporter -->
<testsuite skipped="1" hostname="DESKTOP-447TPO6" name="testing.AnnotationsClass3" tests="3" failures="0" timestamp="2021-02-23T22:31:02 IST" time="0.014" errors="0">
  <testcase name="test1" time="0.011" classname="testing.AnnotationsClass3"/>
  <system-out/>
  <testcase name="test2" time="0.003" classname="testing.AnnotationsClass3"/>
  <system-out/>
  <testcase name="test3" classname="testing.AnnotationsClass3">
    <skipped/>
  </testcase> <!-- test3 -->
  <system-out/>
</testsuite> <!-- testing.AnnotationsClass3 -->
