<?xml version="1.0" encoding="UTF-8"?>
<!-- Generated by org.testng.reporters.JUnitReportReporter -->
<testsuite skipped="0" hostname="DESKTOP-447TPO6" name="freeGames.BonusOffers" tests="3" failures="0" timestamp="2021-02-24T22:24:05 IST" time="3.382" errors="0">
  <testcase name="test3" time="1.038" classname="freeGames.BonusOffers"/>
  <system-out/>
  <testcase name="test2" time="1.548" classname="freeGames.BonusOffers"/>
  <system-out/>
  <testcase name="test1" time="0.796" classname="freeGames.BonusOffers"/>
  <system-out/>
</testsuite> <!-- freeGames.BonusOffers -->
