<?xml version="1.0" encoding="UTF-8"?>
<!-- Generated by org.testng.reporters.JUnitReportReporter -->
<testsuite skipped="0" hostname="DESKTOP-447TPO6" name="testing.Annotations" tests="3" failures="0" timestamp="2021-02-23T21:52:11 IST" time="0.027" errors="0">
  <testcase name="test1" time="0.017" classname="testing.Annotations"/>
  <system-out/>
  <testcase name="test3" time="0.006" classname="testing.Annotations"/>
  <system-out/>
  <testcase name="test2" time="0.004" classname="testing.Annotations"/>
  <system-out/>
</testsuite> <!-- testing.Annotations -->
