<?xml version="1.0" encoding="UTF-8"?>
<!-- Generated by org.testng.reporters.JUnitReportReporter -->
<testsuite skipped="0" hostname="DESKTOP-447TPO6" name="timersAndSweepers.UserInitiated" tests="3" failures="0" timestamp="2021-02-24T22:24:05 IST" time="103.093" errors="0">
  <testcase name="test2" time="1.966" classname="timersAndSweepers.UserInitiated"/>
  <system-out/>
  <testcase name="test3" time="0.811" classname="timersAndSweepers.UserInitiated"/>
  <system-out/>
  <testcase name="test1" time="100.316" classname="timersAndSweepers.UserInitiated"/>
  <system-out/>
</testsuite> <!-- timersAndSweepers.UserInitiated -->
