<?xml version="1.0" encoding="UTF-8"?>
<!-- Generated by org.testng.reporters.JUnitReportReporter -->
<testsuite skipped="0" hostname="DESKTOP-447TPO6" name="freeGames.CashOffers" tests="3" failures="0" timestamp="2021-02-24T22:24:05 IST" time="80.454" errors="0">
  <testcase name="test3" time="72.923" classname="freeGames.CashOffers"/>
  <system-out/>
  <testcase name="test2" time="3.094" classname="freeGames.CashOffers"/>
  <system-out/>
  <testcase name="test1" time="4.437" classname="freeGames.CashOffers"/>
  <system-out/>
</testsuite> <!-- freeGames.CashOffers -->
