<?xml version="1.0" encoding="UTF-8"?>
<!-- Generated by org.testng.reporters.JUnitReportReporter -->
<testsuite skipped="0" hostname="DESKTOP-447TPO6" name="achievements.FunctionalTesting" tests="3" failures="0" timestamp="2021-02-24T22:24:05 IST" time="2.969" errors="0">
  <testcase name="test3" time="0.657" classname="achievements.FunctionalTesting"/>
  <system-out/>
  <testcase name="test2" time="0.809" classname="achievements.FunctionalTesting"/>
  <system-out/>
  <testcase name="test1" time="1.503" classname="achievements.FunctionalTesting"/>
  <system-out/>
</testsuite> <!-- achievements.FunctionalTesting -->
