<?xml version="1.0" encoding="UTF-8"?>
<!-- Generated by org.testng.reporters.JUnitReportReporter -->
<testsuite skipped="0" hostname="DESKTOP-447TPO6" name="webElements.LaunchBrowser" tests="7" failures="0" timestamp="2021-03-04T21:52:58 IST" time="31.852" errors="0">
  <testcase name="validate_motorCycle_event_VechileData" time="1.305" classname="webElements.LaunchBrowser"/>
  <system-out/>
  <testcase name="launchBrowser" time="9.907" classname="webElements.LaunchBrowser"/>
  <system-out/>
  <testcase name="validate_EnginePerformance" time="0.206" classname="webElements.LaunchBrowser"/>
  <system-out/>
  <testcase name="validate_DateOFManufacture" time="0.320" classname="webElements.LaunchBrowser"/>
  <system-out/>
  <testcase name="radioButtonAndCheckbox" time="13.716" classname="webElements.LaunchBrowser"/>
  <system-out/>
  <testcase name="validate_Make_DropDown" time="4.902" classname="webElements.LaunchBrowser"/>
  <system-out/>
  <testcase name="validate_NumberOfSeats" time="1.496" classname="webElements.LaunchBrowser"/>
  <system-out/>
</testsuite> <!-- webElements.LaunchBrowser -->
